c:\users\agarwal\desktop\cameragithub\fu_camera\cameradll_fu\x64\debug\cameradll_fu.lib
c:\users\agarwal\desktop\cameragithub\fu_camera\cameradll_fu\x64\debug\cameradll_fu.exp
c:\users\agarwal\desktop\cameragithub\fu_camera\cameradll_fu\cameradll_fu\x64\debug\cameradll_fu.pch
c:\users\agarwal\desktop\cameragithub\fu_camera\cameradll_fu\cameradll_fu\x64\debug\vc141.pdb
c:\users\agarwal\desktop\cameragithub\fu_camera\cameradll_fu\cameradll_fu\x64\debug\vc141.idb
c:\users\agarwal\desktop\cameragithub\fu_camera\cameradll_fu\cameradll_fu\x64\debug\stdafx.obj
c:\users\agarwal\desktop\cameragithub\fu_camera\cameradll_fu\cameradll_fu\x64\debug\dllmain.obj
c:\users\agarwal\desktop\cameragithub\fu_camera\cameradll_fu\cameradll_fu\x64\debug\cameradll_fu.obj
c:\users\agarwal\desktop\cameragithub\fu_camera\cameradll_fu\x64\debug\cameradll_fu.pdb
c:\users\agarwal\desktop\cameragithub\fu_camera\cameradll_fu\cameradll_fu\x64\debug\cameradll_fu.tlog\cameradll_fu.write.1u.tlog
c:\users\agarwal\desktop\cameragithub\fu_camera\cameradll_fu\cameradll_fu\x64\debug\cameradll_fu.tlog\cl.command.1.tlog
c:\users\agarwal\desktop\cameragithub\fu_camera\cameradll_fu\cameradll_fu\x64\debug\cameradll_fu.tlog\cl.read.1.tlog
c:\users\agarwal\desktop\cameragithub\fu_camera\cameradll_fu\cameradll_fu\x64\debug\cameradll_fu.tlog\cl.write.1.tlog
c:\users\agarwal\desktop\cameragithub\fu_camera\cameradll_fu\cameradll_fu\x64\debug\cameradll_fu.tlog\link.8960-cvtres.read.1.tlog
c:\users\agarwal\desktop\cameragithub\fu_camera\cameradll_fu\cameradll_fu\x64\debug\cameradll_fu.tlog\link.8960-cvtres.write.1.tlog
c:\users\agarwal\desktop\cameragithub\fu_camera\cameradll_fu\cameradll_fu\x64\debug\cameradll_fu.tlog\link.8960-rc.read.1.tlog
c:\users\agarwal\desktop\cameragithub\fu_camera\cameradll_fu\cameradll_fu\x64\debug\cameradll_fu.tlog\link.8960-rc.write.1.tlog
c:\users\agarwal\desktop\cameragithub\fu_camera\cameradll_fu\cameradll_fu\x64\debug\cameradll_fu.tlog\link.8960.delete.1.tlog
c:\users\agarwal\desktop\cameragithub\fu_camera\cameradll_fu\cameradll_fu\x64\debug\cameradll_fu.tlog\link.8960.read.1.tlog
c:\users\agarwal\desktop\cameragithub\fu_camera\cameradll_fu\cameradll_fu\x64\debug\cameradll_fu.tlog\link.8960.write.1.tlog
c:\users\agarwal\desktop\cameragithub\fu_camera\cameradll_fu\cameradll_fu\x64\debug\cameradll_fu.tlog\link.command.1.tlog
c:\users\agarwal\desktop\cameragithub\fu_camera\cameradll_fu\cameradll_fu\x64\debug\cameradll_fu.tlog\link.delete.1.tlog
c:\users\agarwal\desktop\cameragithub\fu_camera\cameradll_fu\cameradll_fu\x64\debug\cameradll_fu.tlog\link.read.1.tlog
c:\users\agarwal\desktop\cameragithub\fu_camera\cameradll_fu\cameradll_fu\x64\debug\cameradll_fu.tlog\link.write.1.tlog
