  stdafx.cpp
  CameraDLL_Fu.cpp
c:\users\agarwal\desktop\cameragithub\fu_camera\cameradll_fu\cameradll_fu\cameradll_fu.cpp(34): warning C4273: 'OpenCamera': inconsistent dll linkage
  c:\users\agarwal\desktop\cameragithub\fu_camera\cameradll_fu\cameradll_fu\cameradll_fu.h(12): note: see previous definition of 'OpenCamera'
c:\users\agarwal\desktop\cameragithub\fu_camera\cameradll_fu\cameradll_fu\cameradll_fu.cpp(61): warning C4273: 'CloseCamera': inconsistent dll linkage
  c:\users\agarwal\desktop\cameragithub\fu_camera\cameradll_fu\cameradll_fu\cameradll_fu.h(14): note: see previous definition of 'CloseCamera'
c:\users\agarwal\desktop\cameragithub\fu_camera\cameradll_fu\cameradll_fu\cameradll_fu.cpp(77): warning C4273: 'SetTemp': inconsistent dll linkage
  c:\users\agarwal\desktop\cameragithub\fu_camera\cameradll_fu\cameradll_fu\cameradll_fu.h(16): note: see previous definition of 'SetTemp'
c:\users\agarwal\desktop\cameragithub\fu_camera\cameradll_fu\cameradll_fu\cameradll_fu.cpp(105): warning C4273: 'SetExposureTime': inconsistent dll linkage
  c:\users\agarwal\desktop\cameragithub\fu_camera\cameradll_fu\cameradll_fu\cameradll_fu.h(18): note: see previous definition of 'SetExposureTime'
c:\users\agarwal\desktop\cameragithub\fu_camera\cameradll_fu\cameradll_fu\cameradll_fu.cpp(123): warning C4273: 'SetROIMod': inconsistent dll linkage
  c:\users\agarwal\desktop\cameragithub\fu_camera\cameradll_fu\cameradll_fu\cameradll_fu.h(20): note: see previous definition of 'SetROIMod'
c:\users\agarwal\desktop\cameragithub\fu_camera\cameradll_fu\cameradll_fu\cameradll_fu.cpp(142): warning C4273: 'CaptureSingleFrame': inconsistent dll linkage
  c:\users\agarwal\desktop\cameragithub\fu_camera\cameradll_fu\cameradll_fu\cameradll_fu.h(22): note: see previous definition of 'CaptureSingleFrame'
c:\users\agarwal\desktop\cameragithub\fu_camera\cameradll_fu\cameradll_fu\cameradll_fu.cpp(201): warning C4273: 'fibonacci_init': inconsistent dll linkage
  c:\users\agarwal\desktop\cameragithub\fu_camera\cameradll_fu\cameradll_fu\cameradll_fu.h(38): note: see previous definition of 'fibonacci_init'
c:\users\agarwal\desktop\cameragithub\fu_camera\cameradll_fu\cameradll_fu\cameradll_fu.cpp(210): warning C4273: 'fibonacci_next': inconsistent dll linkage
  c:\users\agarwal\desktop\cameragithub\fu_camera\cameradll_fu\cameradll_fu\cameradll_fu.h(45): note: see previous definition of 'fibonacci_next'
c:\users\agarwal\desktop\cameragithub\fu_camera\cameradll_fu\cameradll_fu\cameradll_fu.cpp(231): warning C4273: 'fibonacci_current': inconsistent dll linkage
  c:\users\agarwal\desktop\cameragithub\fu_camera\cameradll_fu\cameradll_fu\cameradll_fu.h(48): note: see previous definition of 'fibonacci_current'
c:\users\agarwal\desktop\cameragithub\fu_camera\cameradll_fu\cameradll_fu\cameradll_fu.cpp(237): warning C4273: 'fibonacci_index': inconsistent dll linkage
  c:\users\agarwal\desktop\cameragithub\fu_camera\cameradll_fu\cameradll_fu\cameradll_fu.h(51): note: see previous definition of 'fibonacci_index'
c:\users\agarwal\desktop\cameragithub\fu_camera\cameradll_fu\cameradll_fu\cameradll_fu.cpp(242): warning C4273: 'sum': inconsistent dll linkage
  c:\users\agarwal\desktop\cameragithub\fu_camera\cameradll_fu\cameradll_fu\cameradll_fu.h(54): note: see previous definition of 'sum'
  dllmain.cpp
  Generating Code...
     Creating library C:\Users\Agarwal\Desktop\CameraGithub\Fu_Camera\CameraDLL_Fu\x64\Debug\CameraDLL_Fu.lib and object C:\Users\Agarwal\Desktop\CameraGithub\Fu_Camera\CameraDLL_Fu\x64\Debug\CameraDLL_Fu.exp
  CameraDLL_Fu.vcxproj -> C:\Users\Agarwal\Desktop\CameraGithub\Fu_Camera\CameraDLL_Fu\x64\Debug\CameraDLL_Fu.dll
